{"body":{"extractAllText":true,"optionalElements":["img","div"],"targetUrl":"https://wsa-test.vercel.app/blog/the-radiant-days-of-summer"},"level":"info","message":"Request received"}
2023-09-28T13:39:15.921Z info: Request received
{"body":{"extractAllText":true,"optionalElements":["img","div"],"targetUrl":"https://wsa-test.vercel.app/blog/the-radiant-days-of-summer"},"level":"info","message":"Request received","timestamp":"2023-09-28T13:40:18.729Z"}
{"body":{"extractAllText":true,"optionalElements":["img","div"],"targetUrl":"https://wsa-test.vercel.app/blog/the-radiant-days-of-summer"},"level":"info","message":"Request received","timestamp":"2023-09-28T13:40:47.751Z"}
{"body":{"extractAllText":true,"targetUrl":"https://wsa-test.vercel.app/blog/the-radiant-days-of-summer"},"level":"info","message":"Request received","timestamp":"2023-09-28T13:41:03.050Z"}
2023-09-28T13:42:13.286Z info: [object Object]
2023-09-28T13:42:22.758Z info: [object Object]
2023-09-28T13:45:33.345Z info: POST 1,695,908,733,311 {"targetUrl":"https://wsa-test.vercel.app/blog/the-radiant-days-of-summer","extractAllText":true} {} /api/v1/page-content
2023-09-28T13:47:00.289Z info: [POST] [Thu Sep 28 2023 16:47:00 GMT+0300 (Eastern European Summer Time)] {"targetUrl":"https://wsa-test.vercel.app/blog/the-radiant-days-of-summer","extractAllText":true} {} /api/v1/page-content
2023-09-28T13:47:49.199Z info: [POST] [4/8/2023 - 1695908869199] {"targetUrl":"https://wsa-test.vercel.app/blog/the-radiant-days-of-summer","extractAllText":true} {} /api/v1/page-content
2023-09-28T13:48:10.775Z info: [POST] [4/8/2023 - 16:48:function getSeconds() { [native code] }] {"targetUrl":"https://wsa-test.vercel.app/blog/the-radiant-days-of-summer","extractAllText":true} {} /api/v1/page-content
2023-09-28T13:48:30.166Z info: [POST] [4/8/2023 - 16:48:30] {"targetUrl":"https://wsa-test.vercel.app/blog/the-radiant-days-of-summer","extractAllText":true} {} /api/v1/page-content
2023-09-28T13:49:36.873Z info: [POST] [/api/v1/page-content] [4/8/2023 - 16:49:36] {"targetUrl":"https://wsa-test.vercel.app/blog/the-radiant-days-of-summer","extractAllText":true} {}
2023-09-28T13:50:16.266Z info: [POST] [/api/v1/page-content] [4/8/2023 - 16:50:16] {"targetUrl":"https://wsa-test.vercel.app/blog/the-radiant-days-of-summer","extractAllText":true} {}
2023-09-28T13:51:01.467Z info: [POST] [/api/v1/page-content] [4/8/2023 - 16:51:1] {"targetUrl":"https://wsa-test.vercel.app/blog/the-radiant-days-of-summer","extractAllText":true} {}
2023-09-28T13:52:19.040Z info: [POST] [/api/v1/page-content] [4/8/2023 - 16:52:19] {"targetUrl":"https://wsa-test.vercel.app/blog/the-radiant-days-of-summer","extractAllText":true} {}
2023-09-28T13:54:18.585Z info: [POST] [/api/v1/page-content] [4/8/2023 - 16:54:18] {"targetUrl":"https://wsa-test.vercel.app/blog/the-radiant-days-of-summer","extractAllText":true} {}
2023-09-28T13:55:03.678Z info: [POST] [/api/v1/page-content] [4/8/2023 - 16:55:3] {"targetUrl":"https://wsa-test.vercel.app/blog/the-radiant-days-of-summer","extractAllText":true} {}
2023-09-28T13:55:43.606Z info: [POST] [/api/v1/page-content] [4/8/2023 - 16:55:43] {"targetUrl":"https://wsa-test.vercel.app/blog/the-radiant-days-of-summer","extractAllText":true} {}
2023-09-28T13:55:57.243Z info: [POST] [/api/v1/page-content] [4/8/2023 - 16:55:57] {"targetUrl":"https://wsa-test.vercel.app/blog/the-radiant-days-of-summer","optionalElements":["img","div"],"extractAllText":true} {}
2023-09-28T13:57:41.555Z info: [POST] [/api/v1/page-content] [4/8/2023 - 16:57:41] {"targetUrl":"https://wsa-test.vercel.app/blog/the-radiant-days-of-summer","optionalElements":["img","div"],"extractAllText":true} {}
